<?xml version="1.0" encoding="UTF-8"?>
<!-- Generated by org.testng.reporters.JUnitXMLReporter -->
<testsuite ignored="0" hostname="DESKTOP-QMSQO3B" failures="0" tests="3" name="Default test" time="47.893" errors="0" timestamp="2020-05-05T19:57:01 IST">
  <testcase classname="crm.LoginApplication" name="test1" time="2.254"/>
  <testcase classname="crm.LoginApplication" name="test1" time="2.259"/>
  <testcase classname="crm.LoginApplication" name="test1" time="2.231"/>
</testsuite> <!-- Default test -->
